<?xml version="1.0" encoding="UTF-8"?>
<coverage generated="1662258647171" clover="3.2.0">
  <project timestamp="1662258647171" name="All files">
    <metrics statements="6" coveredstatements="6" conditionals="0" coveredconditionals="0" methods="3" coveredmethods="3" elements="9" coveredelements="9" complexity="0" loc="6" ncloc="6" packages="1" files="3" classes="3"/>
    <file name="ActionButton.vue" path="D:\YVANSABAY\Tutorials\VueMasterclass\job-search\src\components\ActionButton.vue">
      <metrics statements="2" coveredstatements="2" conditionals="0" coveredconditionals="0" methods="1" coveredmethods="1"/>
      <line num="7" count="2" type="stmt"/>
      <line num="20" count="5" type="stmt"/>
    </file>
    <file name="ProfileImage.vue" path="D:\YVANSABAY\Tutorials\VueMasterclass\job-search\src\components\ProfileImage.vue">
      <metrics statements="2" coveredstatements="2" conditionals="0" coveredconditionals="0" methods="1" coveredmethods="1"/>
      <line num="9" count="2" type="stmt"/>
      <line num="11" count="1" type="stmt"/>
    </file>
    <file name="Subnav.vue" path="D:\YVANSABAY\Tutorials\VueMasterclass\job-search\src\components\Subnav.vue">
      <metrics statements="2" coveredstatements="2" conditionals="0" coveredconditionals="0" methods="1" coveredmethods="1"/>
      <line num="17" count="2" type="stmt"/>
      <line num="20" count="2" type="stmt"/>
    </file>
  </project>
</coverage>
