{"D:\\YVANSABAY\\Tutorials\\VueMasterclass\\job-search\\src\\components\\ActionButton.vue": {"path":"D:\\YVANSABAY\\Tutorials\\VueMasterclass\\job-search\\src\\components\\ActionButton.vue","statementMap":{"0":{"start":{"line":7,"column":15},"end":{"line":7,"column":null}},"1":{"start":{"line":20,"column":8},"end":{"line":20,"column":15}}},"fnMap":{"0":{"name":"(anonymous_0)","decl":{"start":{"line":19,"column":6},"end":{"line":19,"column":15}},"loc":{"start":{"line":19,"column":21},"end":{"line":21,"column":null}}}},"branchMap":{},"s":{"0":2,"1":5},"f":{"0":5},"b":{}}
,"D:\\YVANSABAY\\Tutorials\\VueMasterclass\\job-search\\src\\components\\ProfileImage.vue": {"path":"D:\\YVANSABAY\\Tutorials\\VueMasterclass\\job-search\\src\\components\\ProfileImage.vue","statementMap":{"0":{"start":{"line":9,"column":15},"end":{"line":9,"column":null}},"1":{"start":{"line":11,"column":4},"end":{"line":11,"column":11}}},"fnMap":{"0":{"name":"(anonymous_0)","decl":{"start":{"line":10,"column":2},"end":{"line":10,"column":6}},"loc":{"start":{"line":10,"column":9},"end":{"line":14,"column":null}}}},"branchMap":{},"s":{"0":2,"1":1},"f":{"0":1},"b":{}}
,"D:\\YVANSABAY\\Tutorials\\VueMasterclass\\job-search\\src\\components\\Subnav.vue": {"path":"D:\\YVANSABAY\\Tutorials\\VueMasterclass\\job-search\\src\\components\\Subnav.vue","statementMap":{"0":{"start":{"line":17,"column":15},"end":{"line":17,"column":null}},"1":{"start":{"line":20,"column":4},"end":{"line":20,"column":11}}},"fnMap":{"0":{"name":"(anonymous_0)","decl":{"start":{"line":19,"column":2},"end":{"line":19,"column":6}},"loc":{"start":{"line":19,"column":9},"end":{"line":23,"column":null}}}},"branchMap":{},"s":{"0":2,"1":2},"f":{"0":2},"b":{}}
}
